   1               		.file	"main.c"
   2               	__SREG__ = 0x3f
   3               	__SP_H__ = 0x3e
   4               	__SP_L__ = 0x3d
   5               	__CCP__  = 0x34
   6               	__tmp_reg__ = 0
   7               	__zero_reg__ = 1
   9               		.text
  10               	.Ltext0:
  69               	.global	main
  71               	main:
   1:main.c        **** //LED Blinking
   2:main.c        **** #include <avr/io.h>
   3:main.c        **** 
   4:main.c        **** int main(void)
   5:main.c        **** {
  72               	rcall .
  73               		in r28,__SP_L__
  74               		in r29,__SP_H__
  75 0000 DF93      	/* prologue: function */
  76 0002 CF93      	/* frame size = 4 */
  78 0006 00D0      	.LM1:
  79 0008 CDB7      		std Y+2,__zero_reg__
  80 000a DEB7      		std Y+1,__zero_reg__
  82               	.LM2:
   6:main.c        **** 	unsigned int i, j;
   7:main.c        **** 	
   8:main.c        **** 	j = 0;
  83               	 4 */
  85 000c 1A82      	.LM1:
  86 000e 1982      		std Y+2,__zero_reg__
   9:main.c        **** 	
  10:main.c        **** 	DDRB |= (0x01 << 0);	//PB.0 output
  87               	_
  88               		in r29,__SP_H__
  89 0010 A7E3      	/* prologue: function */
  90 0012 B0E0      	/* frame size = 4 */
  92 0016 F0E0      	.LM1:
  93 0018 8081      		std Y+2,__zero_reg__
  94 001a 8160      		std Y+1,__zero_reg__
  11:main.c        **** 	DDRB &= ~(0x01 << 1);	//PB.1 input
  96               	 size = 4 */
  98 001e A7E3      	.LM1:
  99 0020 B0E0      		std Y+2,__zero_reg__
 100 0022 E7E3      		std Y+1,__zero_reg__
 102 0026 8081      	.LM2:
 103 0028 8D7F      		ldi r26,lo8(55)
 104 002a 8C93      		ldi r27,hi8(55)
  12:main.c        **** 	PORTB |= (0x01 << 1);	//pull-up on
 105               	1:
 106               		std Y+2,__zero_reg__
 107 002c A8E3      		std Y+1,__zero_reg__
 109 0030 E8E3      	.LM2:
 110 0032 F0E0      		ldi r26,lo8(55)
 111 0034 8081      		ldi r27,hi8(55)
 112 0036 8260      		ldi r30,lo8(55)
 113 0038 8C93      		ldi r31,hi8(55)
 114 003a 00C0      		ld r24,Z
 115               		ori r24,lo8(1)
  13:main.c        **** 	
  14:main.c        **** 	while((PINB & (0x01 << 1)))
  15:main.c        **** 	{
  16:main.c        **** 		PORTB ^= (0x01 << 0);
 116               	LM2-.LFBB1
 117               	.LM2:
 118 003c A8E3      		ldi r26,lo8(55)
 119 003e B0E0      		ldi r27,hi8(55)
 120 0040 E8E3      		ldi r30,lo8(55)
 121 0042 F0E0      		ldi r31,hi8(55)
 122 0044 9081      		ld r24,Z
 123 0046 81E0      		ori r24,lo8(1)
 124 0048 8927      		st X,r24
  17:main.c        **** 		//PORTB  |= (0x01 << 0);
  18:main.c        **** 		
  19:main.c        **** 		for(i = 0; i <= 255; i++)
 126               	27,hi8(55)
 127               		ldi r30,lo8(55)
 128 004c 1C82      		ldi r31,hi8(55)
 129 004e 1B82      		ld r24,Z
 130 0050 00C0      		ori r24,lo8(1)
 131               		st X,r24
  20:main.c        **** 		{
  21:main.c        **** 			for(j = 0; j <= 255; j++)
 132               	.LM2:
 133               		ldi r26,lo8(55)
 134 0052 1A82      		ldi r27,hi8(55)
 135 0054 1982      		ldi r30,lo8(55)
 136 0056 00C0      		ldi r31,hi8(55)
 137               		ld r24,Z
  22:main.c        **** 			{
  23:main.c        **** 				j = j;
 139               	.LM2:
 140 0058 8981      		ldi r26,lo8(55)
 141 005a 9A81      		ldi r27,hi8(55)
 142 005c 0196      		ldi r30,lo8(55)
 143 005e 9A83      		ldi r31,hi8(55)
 144 0060 8983      		ld r24,Z
 145               		ori r24,lo8(1)
 146               		st X,r24
 148 0062 8981      	.LM3:
 149 0064 9A81      		ldi r26,lo8(55)
 150 0066 8F3F      		ldi r27,hi8(55)
 151 0068 9105      		ldi r30,lo8(55)
 152 006a 01F0      		ldi r31,hi8(55)
 153 006c 00F0      		ld r24,Z
 154               		andi r24,lo8(-3)
 155               		st X,r24
 157 0070 9C81      	.LM4:
 158 0072 0196      		ldi r26,lo8(56)
 159 0074 9C83      		ldi r27,hi8(56)
 160 0076 8B83      		ldi r30,lo8(56)
 161               		ldi r31,hi8(56)
 162 0078 8B81      		ld r24,Z
 163 007a 9C81      		ori r24,lo8(2)
 164 007c 8F3F      		st X,r24
 165 007e 9105      		rjmp .L2
 166 0080 01F0      	.L7:
 168               	.LM5:
 169               		ldi r26,lo8(56)
 170               		ldi r27,hi8(56)
 171 0084 E6E3      		ldi r30,lo8(56)
 172 0086 F0E0      		ldi r31,hi8(56)
 173 0088 8081      		ld r25,Z
 174 008a 882F      		ldi r24,lo8(1)
 175 008c 90E0      		eor r24,r25
 176 008e 8270      		st X,r24
 178 0092 0097      	.LM6:
 179 0094 01F4      		std Y+4,__zero_reg__
 180               		std Y+3,__zero_reg__
 181               		rjmp .L3
 182               	.L6:
 184 0096 80E0      	.LM7:
 185 0098 90E0      		std Y+2,__zero_reg__
 186               		std Y+1,__zero_reg__
 187               		rjmp .L4
 188               	.L5:
  24:main.c        **** 			}
  25:main.c        **** 		}
  26:main.c        **** 	}
  27:main.c        **** }...
 189               	B1
 190               	.LM7:
 191 009a 0F90      		std Y+2,__zero_reg__
 192 009c 0F90      		std Y+1,__zero_reg__
 193 009e 0F90      		rjmp .L4
 194 00a0 0F90      	.L5:
 196 00a4 DF91      	.LM8:
 197 00a6 0895      		ldd r24,Y+1
 198               		ldd r25,Y+2
 199               		adiw r24,1
 200               		std Y+2,r25
 201               		std Y+1,r24
 202               	.L4:
 204               	.LM9:
 205               		ldd r24,Y+1
DEFINED SYMBOLS
                            *ABS*:00000000 main.c
C:\DOKUME~1\ADMINI~1\LOKALE~1\Temp/cc2kDCcg.s:2      *ABS*:0000003f __SREG__
C:\DOKUME~1\ADMINI~1\LOKALE~1\Temp/cc2kDCcg.s:3      *ABS*:0000003e __SP_H__
C:\DOKUME~1\ADMINI~1\LOKALE~1\Temp/cc2kDCcg.s:4      *ABS*:0000003d __SP_L__
C:\DOKUME~1\ADMINI~1\LOKALE~1\Temp/cc2kDCcg.s:5      *ABS*:00000034 __CCP__
C:\DOKUME~1\ADMINI~1\LOKALE~1\Temp/cc2kDCcg.s:6      *ABS*:00000000 __tmp_reg__
C:\DOKUME~1\ADMINI~1\LOKALE~1\Temp/cc2kDCcg.s:7      *ABS*:00000001 __zero_reg__
C:\DOKUME~1\ADMINI~1\LOKALE~1\Temp/cc2kDCcg.s:71     .text:00000000 main

NO UNDEFINED SYMBOLS
